#
# A fatal error has been detected by the Java Runtime Environment:
#
#  EXCEPTION_UNCAUGHT_CXX_EXCEPTION (0xe06d7363) at pc=0x000007fefcf7b87d, pid=2476, tid=3212
#
# JRE version: OpenJDK Runtime Environment JBR-11.0.10.9-1341.41-dcevm (11.0.10+9) (build 11.0.10+9-b1341.41)
# Java VM: Dynamic Code Evolution 64-Bit Server VM JBR-11.0.10.9-1341.41-dcevm (11.0.10+9-b1341.41, mixed mode, tiered, compressed oops, g1 gc, windows-amd64)
# Problematic frame:
# C  [KERNELBASE.dll+0xb87d]
#
# No core dump will be written. Minidumps are not enabled by default on client versions of Windows
#
# If you would like to submit a bug report, please visit:
#   https://bugreport.java.com/bugreport/crash.jsp
#

---------------  S U M M A R Y ------------

Command Line: org.jetbrains.git4idea.http.GitAskPassApp Password for 'https://x-oauth-basic@github.com': 

Host: Intel(R) Core(TM) i7-6700 CPU @ 3.40GHz, 2 cores, 2G,  Windows 7 , 64 bit Build 7601 (6.1.7601.24535)
Time: Tue May 18 16:32:47 2021 ?D1¨²¡À¨º¡Á?¨º¡À?? elapsed time: 0.147405 seconds (0d 0h 0m 0s)

---------------  T H R E A D  ---------------

Current thread (0x00000000004e0000):  JavaThread "main" [_thread_in_vm, id=3212, stack(0x00000000020b0000,0x00000000021b0000)]

Stack: [0x00000000020b0000,0x00000000021b0000],  sp=0x00000000021a9c10,  free space=999k
Native frames: (J=compiled Java code, j=interpreted, Vv=VM code, C=native code)
C  [KERNELBASE.dll+0xb87d]
C  [VCRUNTIME140.dll+0x4462]
C  [jimage.dll+0x343f]

Java frames: (J=compiled Java code, j=interpreted, Vv=VM code)
j  java.util.zip.ZipFile$Source.get(Ljava/io/File;ZLjava/util/zip/ZipCoder;)Ljava/util/zip/ZipFile$Source;+15 java.base@11.0.10
j  java.util.zip.ZipFile$CleanableResource.<init>(Ljava/util/zip/ZipFile;Ljava/io/File;I)V+58 java.base@11.0.10
j  java.util.zip.ZipFile$CleanableResource.get(Ljava/util/zip/ZipFile;Ljava/io/File;I)Ljava/util/zip/ZipFile$CleanableResource;+66 java.base@11.0.10
j  java.util.zip.ZipFile.<init>(Ljava/io/File;ILjava/nio/charset/Charset;)V+113 java.base@11.0.10
j  java.util.zip.ZipFile.<init>(Ljava/io/File;I)V+6 java.base@11.0.10
j  java.util.jar.JarFile.<init>(Ljava/io/File;ZILjava/lang/Runtime$Version;)V+3 java.base@11.0.10
j  jdk.internal.loader.URLClassPath$JarLoader.getJarFile(Ljava/net/URL;)Ljava/util/jar/JarFile;+56 java.base@11.0.10
j  jdk.internal.loader.URLClassPath$JarLoader$1.run()Ljava/lang/Void;+55 java.base@11.0.10
j  jdk.internal.loader.URLClassPath$JarLoader$1.run()Ljava/lang/Object;+1 java.base@11.0.10
v  ~StubRoutines::call_stub
j  java.security.AccessController.doPrivileged(Ljava/security/PrivilegedExceptionAction;Ljava/security/AccessControlContext;)Ljava/lang/Object;+0 java.base@11.0.10
j  jdk.internal.loader.URLClassPath$JarLoader.ensureOpen()V+19 java.base@11.0.10
j  jdk.internal.loader.URLClassPath$JarLoader.<init>(Ljava/net/URL;Ljava/net/URLStreamHandler;Ljava/util/HashMap;Ljava/security/AccessControlContext;)V+63 java.base@11.0.10
j  jdk.internal.loader.URLClassPath$3.run()Ljdk/internal/loader/URLClassPath$Loader;+168 java.base@11.0.10
j  jdk.internal.loader.URLClassPath$3.run()Ljava/lang/Object;+1 java.base@11.0.10
v  ~StubRoutines::call_stub
j  java.security.AccessController.doPrivileged(Ljava/security/PrivilegedExceptionAction;Ljava/security/AccessControlContext;)Ljava/lang/Object;+0 java.base@11.0.10
j  jdk.internal.loader.URLClassPath.getLoader(Ljava/net/URL;)Ljdk/internal/loader/URLClassPath$Loader;+13 java.base@11.0.10
j  jdk.internal.loader.URLClassPath.getLoader(I)Ljdk/internal/loader/URLClassPath$Loader;+81 java.base@11.0.10
j  jdk.internal.loader.URLClassPath.getResource(Ljava/lang/String;Z)Ljdk/internal/loader/Resource;+42 java.base@11.0.10
j  jdk.internal.loader.BuiltinClassLoader.findClassOnClassPathOrNull(Ljava/lang/String;)Ljava/lang/Class;+26 java.base@11.0.10
j  jdk.internal.loader.BuiltinClassLoader.loadClassOrNull(Ljava/lang/String;Z)Ljava/lang/Class;+111 java.base@11.0.10
j  jdk.internal.loader.BuiltinClassLoader.loadClass(Ljava/lang/String;Z)Ljava/lang/Class;+3 java.base@11.0.10
j  jdk.internal.loader.ClassLoaders$AppClassLoader.loadClass(Ljava/lang/String;Z)Ljava/lang/Class;+36 java.base@11.0.10
j  java.lang.ClassLoader.loadClass(Ljava/lang/String;)Ljava/lang/Class;+3 java.base@11.0.10
v  ~StubRoutines::call_stub
j  java.lang.Class.forName0(Ljava/lang/String;ZLjava/lang/ClassLoader;Ljava/lang/Class;)Ljava/lang/Class;+0 java.base@11.0.10
j  java.lang.Class.forName(Ljava/lang/String;ZLjava/lang/ClassLoader;)Ljava/lang/Class;+43 java.base@11.0.10
j  sun.launcher.LauncherHelper.loadMainClass(ILjava/lang/String;)Ljava/lang/Class;+93 java.base@11.0.10
j  sun.launcher.LauncherHelper.checkAndLoadMain(ZILjava/lang/String;)Ljava/lang/Class;+42 java.base@11.0.10
v  ~StubRoutines::call_stub

siginfo: EXCEPTION_UNCAUGHT_CXX_EXCEPTION (0xe06d7363), ExceptionInformation=0x0000000019930520 0x00000000021a9d80 0x000007fef7e05020 0x000007fef7e00000 


Register to memory mapping:

RIP=0x000007fefcf7b87d KERNELBASE.dll
RAX=0x000000007570c552 is an unknown value
RBX=0x0000000000009562 is an unknown value
RCX=0x00000000021a9600 is pointing into the stack for thread: 0x00000000004e0000
RDX=0x00000000000000d0 is an unknown value
RSP=0x00000000021a9c10 is pointing into the stack for thread: 0x00000000004e0000
RBP=0x00000000021a9d40 is pointing into the stack for thread: 0x00000000004e0000
RSI=0x000007fef7e05020 jimage.dll
RDI=0x0000000002faf8b8 points into unknown readable memory: 0x00003790cafefafa | fa fa fe ca 90 37 00 00
R8 =0x0 is NULL
R9 =0x0 is NULL
R10=0x000007fef7e00000 jimage.dll
R11=0x00000000021a9c50 is pointing into the stack for thread: 0x00000000004e0000
R12=0x0000000000009562 is an unknown value
R13=0x00000000004e4820 points into unknown readable memory: 0x000007fee758ee48 | 48 ee 58 e7 fe 07 00 00
R14=0x00000000021a9d80 is pointing into the stack for thread: 0x00000000004e0000
R15=0x000000005b4aed50 points into unknown readable memory: 0x095f010800095e01 | 01 5e 09 00 08 01 5f 09


Registers:
RAX=0x000000007570c552, RBX=0x0000000000009562, RCX=0x00000000021a9600, RDX=0x00000000000000d0
RSP=0x00000000021a9c10, RBP=0x00000000021a9d40, RSI=0x000007fef7e05020, RDI=0x0000000002faf8b8
R8 =0x0000000000000000, R9 =0x0000000000000000, R10=0x000007fef7e00000, R11=0x00000000021a9c50
R12=0x0000000000009562, R13=0x00000000004e4820, R14=0x00000000021a9d80, R15=0x000000005b4aed50
RIP=0x000007fefcf7b87d, EFLAGS=0x0000000000000202

Top of Stack: (sp=0x00000000021a9c10)
0x00000000021a9c10:   0000000000009562 000007fef7e05020
0x00000000021a9c20:   0000000002faf8b8 0000000000000959
0x00000000021a9c30:   00000001e06d7363 0000000000000000
0x00000000021a9c40:   000007fefcf7b87d 000007fe00000004
0x00000000021a9c50:   0000000019930520 00000000021a9d80
0x00000000021a9c60:   000007fef7e05020 000007fef7e00000
0x00000000021a9c70:   00000000c0000017 00000000021a9cf8
0x00000000021a9c80:   0000000000009562 0000000000009570
0x00000000021a9c90:   00000000004ab200 00000000021a9d80
0x00000000021a9ca0:   00000000021a9cd8 0000000000485c10
0x00000000021a9cb0:   00000000021a9d80 00000000004e4820
0x00000000021a9cc0:   0000000000009562 0000000002faf8b8
0x00000000021a9cd0:   000007fef7e05020 000007fef80a4462
0x00000000021a9ce0:   0000000000009562 00000000021a9d60
0x00000000021a9cf0:   0000000000000001 000007fef7e00108
0x00000000021a9d00:   00000001e06d7363 0000000000000000 

Instructions: (pc=0x000007fefcf7b87d)
0x000007fefcf7b77d:   54 24 48 48 8d 44 24 44 4c 8d 4c 24 70 48 89 44
0x000007fefcf7b78d:   24 38 48 8d 44 24 40 41 b8 01 00 00 00 48 89 44
0x000007fefcf7b79d:   24 30 48 8d 44 24 58 48 8b cb 48 89 44 24 28 48
0x000007fefcf7b7ad:   8d 84 24 b0 00 00 00 48 89 44 24 20 ff 15 91 d0
0x000007fefcf7b7bd:   03 00 8b f8 85 c0 78 16 83 7c 24 44 00 75 0f 83
0x000007fefcf7b7cd:   7c 24 40 01 75 08 41 c7 04 24 01 00 00 00 48 85
0x000007fefcf7b7dd:   f6 75 10 48 8b 4c 24 48 48 85 c9 74 06 ff 15 88
0x000007fefcf7b7ed:   c8 03 00 48 85 db 74 08 48 8b cb e8 53 5d ff ff
0x000007fefcf7b7fd:   85 ff 0f 88 91 b9 01 00 b8 01 00 00 00 48 8b 8c
0x000007fefcf7b80d:   24 e8 00 00 00 48 33 cc e8 46 5b ff ff 48 8b 9c
0x000007fefcf7b81d:   24 38 01 00 00 48 81 c4 f0 00 00 00 41 5d 41 5c
0x000007fefcf7b82d:   5f 5e 5d c3 90 90 90 90 90 90 90 90 90 90 90 90
0x000007fefcf7b83d:   90 90 90 48 81 ec c8 00 00 00 83 e2 01 48 8d 05
0x000007fefcf7b84d:   ef ff ff ff 89 4c 24 20 33 c9 48 89 44 24 30 89
0x000007fefcf7b85d:   54 24 24 48 89 4c 24 28 4d 85 c9 0f 85 6a 03 00
0x000007fefcf7b86d:   00 89 4c 24 38 48 8d 4c 24 20 ff 15 23 ca 03 00
0x000007fefcf7b87d:   48 81 c4 c8 00 00 00 c3 90 90 90 90 90 90 90 90
0x000007fefcf7b88d:   90 90 90 48 83 ec 28 65 48 8b 04 25 30 00 00 00
0x000007fefcf7b89d:   4c 8b c1 33 d2 48 8b 48 60 48 8b 49 30 ff 15 98
0x000007fefcf7b8ad:   c7 03 00 0f b6 c0 48 83 c4 28 c3 90 90 90 90 90
0x000007fefcf7b8bd:   90 90 90 48 89 5c 24 08 48 89 74 24 10 57 48 83
0x000007fefcf7b8cd:   ec 20 65 48 8b 04 25 30 00 00 00 48 8b 48 60 48
0x000007fefcf7b8dd:   8b 79 20 ff 15 5a c9 03 00 48 8b 9f 80 00 00 00
0x000007fefcf7b8ed:   48 8b f3 48 83 c9 ff 33 c0 48 8b fb 66 f2 af 48
0x000007fefcf7b8fd:   f7 d1 48 8d 1c 4b 66 39 03 75 e8 65 48 8b 0c 25
0x000007fefcf7b90d:   30 00 00 00 8b 15 41 1f 05 00 48 2b de 48 8b 49
0x000007fefcf7b91d:   60 4c 8d 43 02 81 c2 00 00 18 00 48 8b 49 30 ff
0x000007fefcf7b92d:   15 0e c7 03 00 48 85 c0 0f 84 1b 35 01 00 4c 8d
0x000007fefcf7b93d:   43 02 48 8b d6 48 8b c8 48 8b f8 e8 07 59 ff ff
0x000007fefcf7b94d:   ff 15 fd c8 03 00 48 8b c7 48 8b 5c 24 30 48 8b
0x000007fefcf7b95d:   74 24 38 48 83 c4 20 5f c3 90 90 90 90 90 90 90
0x000007fefcf7b96d:   90 90 90 ff f3 48 83 ec 60 48 8b da 4c 8d 44 24 


Stack slot to memory mapping:
stack at sp + 0 slots: 0x0000000000009562 is an unknown value
stack at sp + 1 slots: 0x000007fef7e05020 jimage.dll
stack at sp + 2 slots: 0x0000000002faf8b8 points into unknown readable memory: 0x00003790cafefafa | fa fa fe ca 90 37 00 00
stack at sp + 3 slots: 0x0000000000000959 is an unknown value
stack at sp + 4 slots: 0x00000001e06d7363 is an unknown value
stack at sp + 5 slots: 0x0 is NULL
stack at sp + 6 slots: 0x000007fefcf7b87d KERNELBASE.dll
stack at sp + 7 slots: 0x000007fe00000004 is an unknown value


---------------  P R O C E S S  ---------------

Threads class SMR info:
_java_thread_list=0x000000005b44ca30, length=10, elements={
0x00000000004e0000, 0x000000005a5b0800, 0x000000005a5b5800, 0x0000000019957800,
0x000000005a5ce000, 0x000000005a5cf800, 0x000000005a5d0800, 0x000000005a5d2000,
0x000000001995f800, 0x000000005b499800
}

Java Threads: ( => current thread )
=>0x00000000004e0000 JavaThread "main" [_thread_in_vm, id=3212, stack(0x00000000020b0000,0x00000000021b0000)]
  0x000000005a5b0800 JavaThread "Reference Handler" daemon [_thread_blocked, id=3460, stack(0x000000005a720000,0x000000005a820000)]
  0x000000005a5b5800 JavaThread "Finalizer" daemon [_thread_blocked, id=4032, stack(0x000000005ab90000,0x000000005ac90000)]
  0x0000000019957800 JavaThread "Signal Dispatcher" daemon [_thread_blocked, id=3136, stack(0x000000005a9f0000,0x000000005aaf0000)]
  0x000000005a5ce000 JavaThread "Attach Listener" daemon [_thread_blocked, id=2004, stack(0x000000005ae70000,0x000000005af70000)]
  0x000000005a5cf800 JavaThread "Service Thread" daemon [_thread_blocked, id=3420, stack(0x000000005ad30000,0x000000005ae30000)]
  0x000000005a5d0800 JavaThread "C2 CompilerThread0" daemon [_thread_blocked, id=3836, stack(0x000000005b130000,0x000000005b230000)]
  0x000000005a5d2000 JavaThread "C1 CompilerThread0" daemon [_thread_blocked, id=2336, stack(0x000000005b030000,0x000000005b130000)]
  0x000000001995f800 JavaThread "Sweeper thread" daemon [_thread_blocked, id=3380, stack(0x000000005b300000,0x000000005b400000)]
  0x000000005b499800 JavaThread "Common-Cleaner" daemon [_thread_blocked, id=220, stack(0x000000005bbc0000,0x000000005bcc0000)]

Other Threads:
  0x000000005a5ac000 VMThread "VM Thread" [stack: 0x000000005a8b0000,0x000000005a9b0000] [id=4052]
  0x000000005b453800 WatcherThread [stack: 0x000000005b920000,0x000000005ba20000] [id=1712]
  0x00000000004fa800 GCTaskThread "GC Thread#0" [stack: 0x00000000153e0000,0x00000000154e0000] [id=1696]
  0x000000000050f000 ConcurrentGCThread "G1 Main Marker" [stack: 0x00000000173e0000,0x00000000174e0000] [id=3304]
  0x0000000000512000 ConcurrentGCThread "G1 Conc#0" [stack: 0x0000000017540000,0x0000000017640000] [id=3536]
  0x0000000000554800 ConcurrentGCThread "G1 Refine#0" [stack: 0x0000000019a30000,0x0000000019b30000] [id=1888]
  0x0000000000557000 ConcurrentGCThread "G1 Young RemSet Sampling" [stack: 0x0000000019be0000,0x0000000019ce0000] [id=3808]

Threads with active compile tasks:

VM state:not at safepoint (normal execution)

VM Mutex/Monitor currently owned by a thread: None

Heap address: 0x00000000d0000000, size: 768 MB, Compressed Oops mode: 32-bit
Narrow klass base: 0x0000000000000000, Narrow klass shift: 0
Compressed class space size: 1073741824 Address: 0x0000000019ce0000

Heap:
 garbage-first heap   total 49152K, used 0K [0x00000000d0000000, 0x0000000100000000)
  region size 1024K, 1 young (1024K), 0 survivors (0K)
 Metaspace       used 3931K, capacity 4480K, committed 4480K, reserved 1056768K
  class space    used 352K, capacity 384K, committed 384K, reserved 1048576K
Heap Regions: E=young(eden), S=young(survivor), O=old, HS=humongous(starts), HC=humongous(continues), CS=collection set, F=free, A=archive, TAMS=top-at-mark-start (previous, next)
|   0|0x00000000d0000000, 0x00000000d0000000, 0x00000000d0100000|  0%| F|  |TAMS 0x00000000d0000000, 0x00000000d0000000| Untracked 
|   1|0x00000000d0100000, 0x00000000d0100000, 0x00000000d0200000|  0%| F|  |TAMS 0x00000000d0100000, 0x00000000d0100000| Untracked 
|   2|0x00000000d0200000, 0x00000000d0200000, 0x00000000d0300000|  0%| F|  |TAMS 0x00000000d0200000, 0x00000000d0200000| Untracked 
|   3|0x00000000d0300000, 0x00000000d0300000, 0x00000000d0400000|  0%| F|  |TAMS 0x00000000d0300000, 0x00000000d0300000| Untracked 
|   4|0x00000000d0400000, 0x00000000d0400000, 0x00000000d0500000|  0%| F|  |TAMS 0x00000000d0400000, 0x00000000d0400000| Untracked 
|   5|0x00000000d0500000, 0x00000000d0500000, 0x00000000d0600000|  0%| F|  |TAMS 0x00000000d0500000, 0x00000000d0500000| Untracked 
|   6|0x00000000d0600000, 0x00000000d0600000, 0x00000000d0700000|  0%| F|  |TAMS 0x00000000d0600000, 0x00000000d0600000| Untracked 
|   7|0x00000000d0700000, 0x00000000d0700000, 0x00000000d0800000|  0%| F|  |TAMS 0x00000000d0700000, 0x00000000d0700000| Untracked 
|   8|0x00000000d0800000, 0x00000000d0800000, 0x00000000d0900000|  0%| F|  |TAMS 0x00000000d0800000, 0x00000000d0800000| Untracked 
|   9|0x00000000d0900000, 0x00000000d0900000, 0x00000000d0a00000|  0%| F|  |TAMS 0x00000000d0900000, 0x00000000d0900000| Untracked 
|  10|0x00000000d0a00000, 0x00000000d0a00000, 0x00000000d0b00000|  0%| F|  |TAMS 0x00000000d0a00000, 0x00000000d0a00000| Untracked 
|  11|0x00000000d0b00000, 0x00000000d0b00000, 0x00000000d0c00000|  0%| F|  |TAMS 0x00000000d0b00000, 0x00000000d0b00000| Untracked 
|  12|0x00000000d0c00000, 0x00000000d0c00000, 0x00000000d0d00000|  0%| F|  |TAMS 0x00000000d0c00000, 0x00000000d0c00000| Untracked 
|  13|0x00000000d0d00000, 0x00000000d0d00000, 0x00000000d0e00000|  0%| F|  |TAMS 0x00000000d0d00000, 0x00000000d0d00000| Untracked 
|  14|0x00000000d0e00000, 0x00000000d0e00000, 0x00000000d0f00000|  0%| F|  |TAMS 0x00000000d0e00000, 0x00000000d0e00000| Untracked 
|  15|0x00000000d0f00000, 0x00000000d0f00000, 0x00000000d1000000|  0%| F|  |TAMS 0x00000000d0f00000, 0x00000000d0f00000| Untracked 
|  16|0x00000000d1000000, 0x00000000d1000000, 0x00000000d1100000|  0%| F|  |TAMS 0x00000000d1000000, 0x00000000d1000000| Untracked 
|  17|0x00000000d1100000, 0x00000000d1100000, 0x00000000d1200000|  0%| F|  |TAMS 0x00000000d1100000, 0x00000000d1100000| Untracked 
|  18|0x00000000d1200000, 0x00000000d1200000, 0x00000000d1300000|  0%| F|  |TAMS 0x00000000d1200000, 0x00000000d1200000| Untracked 
|  19|0x00000000d1300000, 0x00000000d1300000, 0x00000000d1400000|  0%| F|  |TAMS 0x00000000d1300000, 0x00000000d1300000| Untracked 
|  20|0x00000000d1400000, 0x00000000d1400000, 0x00000000d1500000|  0%| F|  |TAMS 0x00000000d1400000, 0x00000000d1400000| Untracked 
|  21|0x00000000d1500000, 0x00000000d1500000, 0x00000000d1600000|  0%| F|  |TAMS 0x00000000d1500000, 0x00000000d1500000| Untracked 
|  22|0x00000000d1600000, 0x00000000d1600000, 0x00000000d1700000|  0%| F|  |TAMS 0x00000000d1600000, 0x00000000d1600000| Untracked 
|  23|0x00000000d1700000, 0x00000000d1700000, 0x00000000d1800000|  0%| F|  |TAMS 0x00000000d1700000, 0x00000000d1700000| Untracked 
|  24|0x00000000d1800000, 0x00000000d1800000, 0x00000000d1900000|  0%| F|  |TAMS 0x00000000d1800000, 0x00000000d1800000| Untracked 
|  25|0x00000000d1900000, 0x00000000d1900000, 0x00000000d1a00000|  0%| F|  |TAMS 0x00000000d1900000, 0x00000000d1900000| Untracked 
|  26|0x00000000d1a00000, 0x00000000d1a00000, 0x00000000d1b00000|  0%| F|  |TAMS 0x00000000d1a00000, 0x00000000d1a00000| Untracked 
|  27|0x00000000d1b00000, 0x00000000d1b00000, 0x00000000d1c00000|  0%| F|  |TAMS 0x00000000d1b00000, 0x00000000d1b00000| Untracked 
|  28|0x00000000d1c00000, 0x00000000d1c00000, 0x00000000d1d00000|  0%| F|  |TAMS 0x00000000d1c00000, 0x00000000d1c00000| Untracked 
|  29|0x00000000d1d00000, 0x00000000d1d00000, 0x00000000d1e00000|  0%| F|  |TAMS 0x00000000d1d00000, 0x00000000d1d00000| Untracked 
|  30|0x00000000d1e00000, 0x00000000d1e00000, 0x00000000d1f00000|  0%| F|  |TAMS 0x00000000d1e00000, 0x00000000d1e00000| Untracked 
|  31|0x00000000d1f00000, 0x00000000d1f00000, 0x00000000d2000000|  0%| F|  |TAMS 0x00000000d1f00000, 0x00000000d1f00000| Untracked 
|  32|0x00000000d2000000, 0x00000000d2000000, 0x00000000d2100000|  0%| F|  |TAMS 0x00000000d2000000, 0x00000000d2000000| Untracked 
|  33|0x00000000d2100000, 0x00000000d2100000, 0x00000000d2200000|  0%| F|  |TAMS 0x00000000d2100000, 0x00000000d2100000| Untracked 
|  34|0x00000000d2200000, 0x00000000d2200000, 0x00000000d2300000|  0%| F|  |TAMS 0x00000000d2200000, 0x00000000d2200000| Untracked 
|  35|0x00000000d2300000, 0x00000000d2300000, 0x00000000d2400000|  0%| F|  |TAMS 0x00000000d2300000, 0x00000000d2300000| Untracked 
|  36|0x00000000d2400000, 0x00000000d2400000, 0x00000000d2500000|  0%| F|  |TAMS 0x00000000d2400000, 0x00000000d2400000| Untracked 
|  37|0x00000000d2500000, 0x00000000d2500000, 0x00000000d2600000|  0%| F|  |TAMS 0x00000000d2500000, 0x00000000d2500000| Untracked 
|  38|0x00000000d2600000, 0x00000000d2600000, 0x00000000d2700000|  0%| F|  |TAMS 0x00000000d2600000, 0x00000000d2600000| Untracked 
|  39|0x00000000d2700000, 0x00000000d2700000, 0x00000000d2800000|  0%| F|  |TAMS 0x00000000d2700000, 0x00000000d2700000| Untracked 
|  40|0x00000000d2800000, 0x00000000d2800000, 0x00000000d2900000|  0%| F|  |TAMS 0x00000000d2800000, 0x00000000d2800000| Untracked 
|  41|0x00000000d2900000, 0x00000000d2900000, 0x00000000d2a00000|  0%| F|  |TAMS 0x00000000d2900000, 0x00000000d2900000| Untracked 
|  42|0x00000000d2a00000, 0x00000000d2a00000, 0x00000000d2b00000|  0%| F|  |TAMS 0x00000000d2a00000, 0x00000000d2a00000| Untracked 
|  43|0x00000000d2b00000, 0x00000000d2b00000, 0x00000000d2c00000|  0%| F|  |TAMS 0x00000000d2b00000, 0x00000000d2b00000| Untracked 
|  44|0x00000000d2c00000, 0x00000000d2c00000, 0x00000000d2d00000|  0%| F|  |TAMS 0x00000000d2c00000, 0x00000000d2c00000| Untracked 
|  45|0x00000000d2d00000, 0x00000000d2d00000, 0x00000000d2e00000|  0%| F|  |TAMS 0x00000000d2d00000, 0x00000000d2d00000| Untracked 
|  46|0x00000000d2e00000, 0x00000000d2e00000, 0x00000000d2f00000|  0%| F|  |TAMS 0x00000000d2e00000, 0x00000000d2e00000| Untracked 
|  47|0x00000000d2f00000, 0x00000000d3000000, 0x00000000d3000000|100%| E|  |TAMS 0x00000000d2f00000, 0x00000000d2f00000| Complete 

Card table byte_map: [0x0000000015880000,0x0000000015a00000] _byte_map_base: 0x0000000015200000

Marking Bits (Prev, Next): (CMBitMap*) 0x000000000050b098, (CMBitMap*) 0x000000000050b0d0
 Prev Bits: [0x0000000015b80000, 0x0000000016780000)
 Next Bits: [0x0000000016780000, 0x0000000017380000)

Polling page: 0x0000000000130000

Metaspace:

Usage:
  Non-class:      4.00 MB capacity,     3.50 MB ( 87%) used,   516.09 KB ( 13%) free+waste,    64 bytes ( <1%) overhead. 
      Class:    384.00 KB capacity,   352.08 KB ( 92%) used,    31.86 KB (  8%) free+waste,    64 bytes ( <1%) overhead. 
       Both:      4.38 MB capacity,     3.84 MB ( 88%) used,   547.95 KB ( 12%) free+waste,   128 bytes ( <1%) overhead. 

Virtual space:
  Non-class space:        8.00 MB reserved,       4.00 MB ( 50%) committed 
      Class space:        1.00 GB reserved,     384.00 KB ( <1%) committed 
             Both:        1.01 GB reserved,       4.38 MB ( <1%) committed 

Chunk freelists:
   Non-Class:  0 bytes
       Class:  0 bytes
        Both:  0 bytes

MaxMetaspaceSize: 17179869184.00 GB
CompressedClassSpaceSize: 1.00 GB

CodeHeap 'non-profiled nmethods': size=120064Kb used=17Kb max_used=17Kb free=120046Kb
 bounds [0x000000000dcc0000, 0x000000000df30000, 0x0000000015200000]
CodeHeap 'profiled nmethods': size=120000Kb used=116Kb max_used=116Kb free=119883Kb
 bounds [0x0000000006790000, 0x0000000006a00000, 0x000000000dcc0000]
CodeHeap 'non-nmethods': size=5696Kb used=989Kb max_used=997Kb free=4706Kb
 bounds [0x0000000006200000, 0x0000000006470000, 0x0000000006790000]
 total_blobs=332 nmethods=86 adapters=158
 compilation: enabled
              stopped_count=0, restarted_count=0
 full_count=0

Compilation events (20 events):
Event: 0.127 Thread 0x000000005a5d2000 nmethod 78 0x000000000dcc3890 code [0x000000000dcc3a40, 0x000000000dcc3af8]
Event: 0.127 Thread 0x000000005a5d0800 nmethod 69 0x000000000dcc3b90 code [0x000000000dcc3d20, 0x000000000dcc3f38]
Event: 0.127 Thread 0x000000005a5d0800   70       4       java.util.ImmutableCollections$SetN$SetNIterator::hasNext (13 bytes)
Event: 0.128 Thread 0x000000005a5d0800 nmethod 70 0x000000000dcc4090 code [0x000000000dcc4220, 0x000000000dcc4278]
Event: 0.128 Thread 0x000000005a5d0800   79       4       java.util.HashMap::afterNodeInsertion (1 bytes)
Event: 0.128 Thread 0x000000005a5d0800 nmethod 79 0x000000000dcc4310 code [0x000000000dcc44a0, 0x000000000dcc44f8]
Event: 0.128 Thread 0x000000005a5d2000   80       3       java.lang.String::length (11 bytes)
Event: 0.128 Thread 0x000000005a5d2000 nmethod 80 0x00000000067aac10 code [0x00000000067aadc0, 0x00000000067aaf58]
Event: 0.130 Thread 0x000000005a5d2000   81       3       java.lang.String::hashCode (49 bytes)
Event: 0.130 Thread 0x000000005a5d2000 nmethod 81 0x00000000067ab010 code [0x00000000067ab200, 0x00000000067ab608]
Event: 0.132 Thread 0x000000005a5d2000   82       3       java.lang.StringLatin1::indexOf (61 bytes)
Event: 0.132 Thread 0x000000005a5d2000 nmethod 82 0x00000000067ab790 code [0x00000000067ab960, 0x00000000067abd18]
Event: 0.133 Thread 0x000000005a5d2000   83       3       java.io.WinNTFileSystem::isSlash (18 bytes)
Event: 0.133 Thread 0x000000005a5d2000 nmethod 83 0x00000000067abe90 code [0x00000000067ac040, 0x00000000067ac1d8]
Event: 0.137 Thread 0x000000005a5d2000   84       3       java.lang.Math::min (11 bytes)
Event: 0.137 Thread 0x000000005a5d2000 nmethod 84 0x00000000067ac290 code [0x00000000067ac440, 0x00000000067ac578]
Event: 0.138 Thread 0x000000005a5d2000   85       3       java.lang.String::indexOf (29 bytes)
Event: 0.138 Thread 0x000000005a5d2000 nmethod 85 0x00000000067ac610 code [0x00000000067ac7e0, 0x00000000067aca58]
Event: 0.138 Thread 0x000000005a5d2000   86       3       java.lang.String::indexOf (7 bytes)
Event: 0.138 Thread 0x000000005a5d2000 nmethod 86 0x00000000067acb90 code [0x00000000067acd80, 0x00000000067ad078]

GC Heap History (0 events):
No events

Deoptimization events (4 events):
Event: 0.130 Thread 0x00000000004e0000 Uncommon trap: trap_request=0xffffff4d fr.pc=0x000000000dcc3eec relative=0x00000000000001cc
Event: 0.130 Thread 0x00000000004e0000 Uncommon trap: reason=unstable_if action=reinterpret pc=0x000000000dcc3eec method=java.lang.String.hashCode()I @ 14 c2
Event: 0.130 Thread 0x00000000004e0000 DEOPT PACKING pc=0x000000000dcc3eec sp=0x00000000021ad3b0
Event: 0.130 Thread 0x00000000004e0000 DEOPT UNPACKING pc=0x000000000622772f sp=0x00000000021ad348 mode 2

Classes redefined (0 events):
No events

Internal exceptions (0 events):
No events

Events (20 events):
Event: 0.137 loading class sun/nio/fs/WindowsPathParser done
Event: 0.137 loading class sun/nio/fs/WindowsPathType
Event: 0.137 loading class sun/nio/fs/WindowsPathType done
Event: 0.137 loading class sun/nio/fs/WindowsPathParser$Result
Event: 0.137 loading class sun/nio/fs/WindowsPathParser$Result done
Event: 0.137 loading class java/net/URI$Parser
Event: 0.137 loading class java/net/URI$Parser done
Event: 0.138 loading class sun/nio/fs/WindowsPath
Event: 0.138 loading class java/nio/file/Path
Event: 0.138 loading class java/nio/file/Watchable
Event: 0.138 loading class java/nio/file/Watchable done
Event: 0.138 loading class java/nio/file/Path done
Event: 0.138 loading class sun/nio/fs/WindowsPath done
Event: 0.138 loading class java/nio/file/attribute/BasicFileAttributes
Event: 0.138 loading class java/nio/file/attribute/BasicFileAttributes done
Event: 0.138 loading class java/nio/file/LinkOption
Event: 0.138 loading class java/nio/file/CopyOption
Event: 0.138 loading class java/nio/file/CopyOption done
Event: 0.138 loading class java/nio/file/LinkOption done
Event: 0.138 loading class java/nio/file/Files


Dynamic libraries:
0x000000013f500000 - 0x000000013f50a000 	C:\Users\Administrator\AppData\Local\JetBrains\Toolbox\apps\IDEA-U\ch-0\211.7142.45\jbr\bin\java.exe
0x0000000077330000 - 0x00000000774cf000 	C:\Windows\SYSTEM32\ntdll.dll
0x0000000077110000 - 0x000000007722f000 	C:\Windows\system32\kernel32.dll
0x000007fefcf70000 - 0x000007fefcfd7000 	C:\Windows\system32\KERNELBASE.dll
0x000007fef80c0000 - 0x000007fef80d9000 	C:\Users\Administrator\AppData\Local\JetBrains\Toolbox\apps\IDEA-U\ch-0\211.7142.45\jbr\bin\jli.dll
0x000007fefb8a0000 - 0x000007fefba95000 	C:\Windows\WinSxS\amd64_microsoft.windows.common-controls_6595b64144ccf1df_6.0.7601.24483_none_e372d88f30fbb845\COMCTL32.dll
0x000007feff580000 - 0x000007feff61f000 	C:\Windows\system32\msvcrt.dll
0x000007fefd3e0000 - 0x000007fefd447000 	C:\Windows\system32\GDI32.dll
0x0000000077230000 - 0x000000007732a000 	C:\Windows\system32\USER32.dll
0x000007feff1f0000 - 0x000007feff1fe000 	C:\Windows\system32\LPK.dll
0x000007feff3e0000 - 0x000007feff4ab000 	C:\Windows\system32\USP10.dll
0x000007fefd350000 - 0x000007fefd3c1000 	C:\Windows\system32\SHLWAPI.dll
0x000007fef80a0000 - 0x000007fef80b7000 	C:\Users\Administrator\AppData\Local\JetBrains\Toolbox\apps\IDEA-U\ch-0\211.7142.45\jbr\bin\VCRUNTIME140.dll
0x000007fef9b50000 - 0x000007fef9b54000 	C:\Windows\system32\api-ms-win-crt-runtime-l1-1-0.dll
0x000007fef9a50000 - 0x000007fef9b44000 	C:\Windows\system32\ucrtbase.DLL
0x000007fef9a40000 - 0x000007fef9a43000 	C:\Windows\system32\api-ms-win-core-timezone-l1-1-0.dll
0x000007fef9a30000 - 0x000007fef9a33000 	C:\Windows\system32\api-ms-win-core-file-l2-1-0.dll
0x000007fef9a20000 - 0x000007fef9a23000 	C:\Windows\system32\api-ms-win-core-localization-l1-2-0.dll
0x000007fef9a10000 - 0x000007fef9a13000 	C:\Windows\system32\api-ms-win-core-synch-l1-2-0.dll
0x000007fef9a00000 - 0x000007fef9a03000 	C:\Windows\system32\api-ms-win-core-processthreads-l1-1-1.dll
0x000007fef99f0000 - 0x000007fef99f3000 	C:\Windows\system32\api-ms-win-core-file-l1-2-0.dll
0x000007fef99d0000 - 0x000007fef99d4000 	C:\Windows\system32\api-ms-win-crt-string-l1-1-0.dll
0x000007fef99e0000 - 0x000007fef99e3000 	C:\Windows\system32\api-ms-win-crt-heap-l1-1-0.dll
0x000007fef99c0000 - 0x000007fef99c4000 	C:\Windows\system32\api-ms-win-crt-stdio-l1-1-0.dll
0x000007fef99b0000 - 0x000007fef99b4000 	C:\Windows\system32\api-ms-win-crt-convert-l1-1-0.dll
0x000007fef9780000 - 0x000007fef9783000 	C:\Windows\system32\api-ms-win-crt-environment-l1-1-0.dll
0x000007fef9770000 - 0x000007fef9773000 	C:\Windows\system32\api-ms-win-crt-filesystem-l1-1-0.dll
0x000007fef99a0000 - 0x000007fef99a5000 	C:\Windows\system32\api-ms-win-crt-math-l1-1-0.dll
0x000007fef9990000 - 0x000007fef9993000 	C:\Windows\system32\api-ms-win-crt-locale-l1-1-0.dll
0x000007feff120000 - 0x000007feff14e000 	C:\Windows\system32\IMM32.DLL
0x000007fefd240000 - 0x000007fefd34b000 	C:\Windows\system32\MSCTF.dll
0x000007fef8000000 - 0x000007fef809d000 	C:\Users\Administrator\AppData\Local\JetBrains\Toolbox\apps\IDEA-U\ch-0\211.7142.45\jbr\bin\msvcp140.dll
0x000007fef4140000 - 0x000007fef4145000 	C:\Windows\system32\api-ms-win-crt-multibyte-l1-1-0.dll
0x000007fef9750000 - 0x000007fef9753000 	C:\Windows\system32\api-ms-win-crt-time-l1-1-0.dll
0x000007fef9760000 - 0x000007fef9763000 	C:\Windows\system32\api-ms-win-crt-utility-l1-1-0.dll
0x000007fee6d30000 - 0x000007fee787f000 	C:\Users\Administrator\AppData\Local\JetBrains\Toolbox\apps\IDEA-U\ch-0\211.7142.45\jbr\bin\server\jvm.dll
0x000007feff220000 - 0x000007feff2fb000 	C:\Windows\system32\ADVAPI32.dll
0x000007feff100000 - 0x000007feff11f000 	C:\Windows\SYSTEM32\sechost.dll
0x000007fefdf70000 - 0x000007fefe09c000 	C:\Windows\system32\RPCRT4.dll
0x000007fef9490000 - 0x000007fef9499000 	C:\Windows\system32\WSOCK32.dll
0x000007feff4b0000 - 0x000007feff4fd000 	C:\Windows\system32\WS2_32.dll
0x000007fefd3d0000 - 0x000007fefd3d8000 	C:\Windows\system32\NSI.dll
0x000007fef9820000 - 0x000007fef985b000 	C:\Windows\system32\WINMM.dll
0x000007fefbf60000 - 0x000007fefbf6c000 	C:\Windows\system32\VERSION.dll
0x00000000774e0000 - 0x00000000774e7000 	C:\Windows\system32\PSAPI.DLL
0x000007fef7e10000 - 0x000007fef7e21000 	C:\Users\Administrator\AppData\Local\JetBrains\Toolbox\apps\IDEA-U\ch-0\211.7142.45\jbr\bin\verify.dll
0x000007fef92c0000 - 0x000007fef93e5000 	C:\Windows\system32\DBGHELP.DLL
0x000007fef7a60000 - 0x000007fef7a89000 	C:\Users\Administrator\AppData\Local\JetBrains\Toolbox\apps\IDEA-U\ch-0\211.7142.45\jbr\bin\java.dll
0x000007fef7e00000 - 0x000007fef7e0b000 	C:\Users\Administrator\AppData\Local\JetBrains\Toolbox\apps\IDEA-U\ch-0\211.7142.45\jbr\bin\jimage.dll
0x000007fef7a40000 - 0x000007fef7a58000 	C:\Users\Administrator\AppData\Local\JetBrains\Toolbox\apps\IDEA-U\ch-0\211.7142.45\jbr\bin\zip.dll
0x000007fefe370000 - 0x000007feff0fb000 	C:\Windows\system32\SHELL32.dll
0x000007fefd7c0000 - 0x000007fefd9bf000 	C:\Windows\system32\ole32.dll
0x000007fefce80000 - 0x000007fefce8f000 	C:\Windows\system32\profapi.dll

dbghelp: loaded successfully - version: 4.0.5 - missing functions: none
symbol engine: initialized successfully - sym options: 0x614 - pdb path: (cannot be retrieved)

VM Arguments:
java_command: org.jetbrains.git4idea.http.GitAskPassApp Password for 'https://x-oauth-basic@github.com': 
java_class_path (initial): C:/Users/Administrator/AppData/Local/JetBrains/Toolbox/apps/IDEA-U/ch-0/211.7142.45/plugins/git4idea/lib/git4idea-rt.jar;C:/Users/Administrator/AppData/Local/JetBrains/Toolbox/apps/IDEA-U/ch-0/211.7142.45/lib/xmlrpc-2.0.1.jar;C:/Users/Administrator/AppData/Local/JetBrains/Toolbox/apps/IDEA-U/ch-0/211.7142.45/lib/commons-codec-1.15.jar
Launcher Type: SUN_STANDARD

[Global flags]
     intx CICompilerCount                          = 2                                         {product} {ergonomic}
     uint ConcGCThreads                            = 1                                         {product} {ergonomic}
     uint G1ConcRefinementThreads                  = 2                                         {product} {ergonomic}
   size_t G1HeapRegionSize                         = 1048576                                   {product} {ergonomic}
    uintx GCDrainStackTargetSize                   = 64                                        {product} {ergonomic}
   size_t InitialHeapSize                          = 50331648                                  {product} {ergonomic}
   size_t MarkStackSize                            = 4194304                                   {product} {ergonomic}
   size_t MaxHeapSize                              = 805306368                                 {product} {ergonomic}
   size_t MaxNewSize                               = 482344960                                 {product} {ergonomic}
   size_t MinHeapDeltaBytes                        = 1048576                                   {product} {ergonomic}
    uintx NonNMethodCodeHeapSize                   = 5825164                                {pd product} {ergonomic}
    uintx NonProfiledCodeHeapSize                  = 122916538                              {pd product} {ergonomic}
    uintx ProfiledCodeHeapSize                     = 122916538                              {pd product} {ergonomic}
    uintx ReservedCodeCacheSize                    = 251658240                              {pd product} {ergonomic}
     bool SegmentedCodeCache                       = true                                      {product} {ergonomic}
     bool UseCompressedClassPointers               = true                                 {lp64_product} {ergonomic}
     bool UseCompressedOops                        = true                                 {lp64_product} {ergonomic}
     bool UseG1GC                                  = true                                      {product} {ergonomic}
     bool UseLargePagesIndividualAllocation        = false                                  {pd product} {ergonomic}

Logging:
Log output configuration:
 #0: stdout all=warning uptime,level,tags
 #1: stderr all=off uptime,level,tags

Environment Variables:
PATH=C:/Program Files/Git/mingw64/libexec/git-core;C:/Program Files/Git/mingw64/libexec/git-core;C:\Program Files\Git\mingw64\bin;C:\Program Files\Git\usr\bin;C:\Users\Administrator\bin;C:\Windows\system32;C:\Windows;C:\Windows\System32\Wbem
USERNAME=Administrator
DISPLAY=:0.0
LC_ALL=en_US.UTF-8
OS=Windows_NT
PROCESSOR_IDENTIFIER=Intel64 Family 6 Model 94 Stepping 3, GenuineIntel



---------------  S Y S T E M  ---------------

OS: Windows 7 , 64 bit Build 7601 (6.1.7601.24535)
OS uptime: 0 days 0:51 hours
VMWare virtualization detected

CPU:total 2 (initial active 2) (1 cores per cpu, 1 threads per core) family 6 model 94 stepping 3 microcode 0x0, cmov, cx8, fxsr, mmx, sse, sse2, sse3, ssse3, sse4.1, sse4.2, popcnt, avx, avx2, aes, clmul, erms, 3dnowpref, lzcnt, tsc, tscinvbit, bmi1, bmi2, adx, fma

Memory: 4k page, system-wide physical 3071M (118M free)
TotalPageFile size 3071M (AvailPageFile size 4M)
current process WorkingSet (physical memory assigned to process): 30M, peak: 30M
current process commit charge ("private bytes"): 111M, peak: 111M

vm_info: Dynamic Code Evolution 64-Bit Server VM (11.0.10+9-b1341.41) for windows-amd64 JRE (11.0.10+9-b1341.41), built on Apr 17 2021 07:18:15 by "" with MS VC++ 14.0 (VS2015)

END.
